<?xml version="1.0" encoding="utf-8"?><testsuites name="pytest tests"><testsuite name="pytest" errors="1" failures="0" skipped="0" tests="21" time="118.421" timestamp="2025-11-07T13:59:09.368176+02:00" hostname="Shoham"><testcase classname="" name="tests.test_sequential_bayesian_locator" time="0.000"><error message="collection failure">.venv\Lib\site-packages\_pytest\python.py:498: in importtestmodule
    mod = import_path(
.venv\Lib\site-packages\_pytest\pathlib.py:587: in import_path
    importlib.import_module(module_name)
..\..\AppData\Roaming\uv\python\cpython-3.12.6-windows-x86_64-none\Lib\importlib\__init__.py:90: in import_module
    return _bootstrap._gcd_import(name[level:], package, level)
           ^^^^^^^^^^^^^^^^^^^^^^^^^^^^^^^^^^^^^^^^^^^^^^^^^^^^
&lt;frozen importlib._bootstrap&gt;:1387: in _gcd_import
    ???
&lt;frozen importlib._bootstrap&gt;:1360: in _find_and_load
    ???
&lt;frozen importlib._bootstrap&gt;:1331: in _find_and_load_unlocked
    ???
&lt;frozen importlib._bootstrap&gt;:935: in _load_unlocked
    ???
.venv\Lib\site-packages\_pytest\assertion\rewrite.py:177: in exec_module
    source_stat, co = _rewrite_test(fn, self.config)
                      ^^^^^^^^^^^^^^^^^^^^^^^^^^^^^^
.venv\Lib\site-packages\_pytest\assertion\rewrite.py:357: in _rewrite_test
    tree = ast.parse(source, filename=strfn)
           ^^^^^^^^^^^^^^^^^^^^^^^^^^^^^^^^^
..\..\AppData\Roaming\uv\python\cpython-3.12.6-windows-x86_64-none\Lib\ast.py:52: in parse
    return compile(source, filename, mode, flags,
E     File "C:\Users\shoha\git\NVision\tests\test_sequential_bayesian_locator.py", line 250
E       val_vz_peak1 = locator.odmr_model(peak_freq_1, params)
E   IndentationError: unexpected indent</error></testcase><testcase classname="tests.test_locators" name="test_locator_sweep_dataframe_shape" time="81.393" /><testcase classname="tests.test_batched_bayesian_locator" name="test_propose_next_handles_empty_history" time="0.554" /><testcase classname="tests.test_locators" name="test_gridscan_converges_noiseless_single_peak_reasonable_error" time="2.685" /><testcase classname="tests.test_batched_bayesian_locator" name="test_should_stop_handles_batch" time="0.197" /><testcase classname="tests.test_mathutils" name="test_normalized_sum_empty" time="0.039" /><testcase classname="tests.test_batched_bayesian_locator" name="test_batched_locator_initialization" time="0.044" /><testcase classname="tests.test_mathutils" name="test_normalized_sum_never_nan" time="4.927" /><testcase classname="tests.test_batched_bayesian_locator" name="test_finalize_handles_batch" time="0.237" /><testcase classname="tests.test_mathutils" name="test_normalized_sum_constant_values" time="0.037" /><testcase classname="tests.test_mathutils" name="test_normalized_sum_basic" time="0.047" /><testcase classname="tests.test_batched_bayesian_locator" name="test_locator_handles_mixed_active_states" time="0.556" /><testcase classname="tests.test_generators" name="test_onepeak_t1_decay_mode_has_peak_at_truth" time="0.062" /><testcase classname="tests.test_new_locators" name="test_one_peak_locators_basic" time="0.529" /><testcase classname="tests.test_noise_properties" name="test_composite_noise_preserves_length" time="5.496" /><testcase classname="tests.test_new_locators" name="test_uncertainty_calculation" time="0.230" /><testcase classname="tests.test_new_locators" name="test_locator_comparison" time="0.704" /><testcase classname="tests.test_new_locators" name="test_nv_center_locators_basic" time="0.223" /><testcase classname="tests.test_noise_properties" name="test_poisson_noise_properties" time="5.162" /><testcase classname="tests.test_simulation" name="test_poisson_noise_non_negative" time="0.011" /><testcase classname="tests.test_simulation" name="test_noise_composition_deterministic_and_length" time="0.007" /></testsuite></testsuites>