<?xml version="1.0" encoding="utf-8"?><testsuites name="pytest tests"><testsuite name="pytest" errors="0" failures="0" skipped="1" tests="140" time="80.438" timestamp="2026-05-27T11:50:18.330270+00:00" hostname="devbox"><properties><property name="hypothesis-statistics-tests/test_noise_properties.py::test_poisson_noise_properties" value="dGVzdHMvdGVzdF9ub2lzZV9wcm9wZXJ0aWVzLnB5Ojp0ZXN0X3BvaXNzb25fbm9pc2VfcHJvcGVydGllczoKCiAgLSBkdXJpbmcgZ2VuZXJhdGUgcGhhc2UgKDAuNTggc2Vjb25kcyk6CiAgICAtIFR5cGljYWwgcnVudGltZXM6IH4gMC01IG1zLCBvZiB3aGljaCB+IDAtMiBtcyBpbiBkYXRhIGdlbmVyYXRpb24KICAgIC0gMTAwIHBhc3NpbmcgZXhhbXBsZXMsIDAgZmFpbGluZyBleGFtcGxlcywgMTcgaW52YWxpZCBleGFtcGxlcwoKICAtIFN0b3BwZWQgYmVjYXVzZSBzZXR0aW5ncy5tYXhfZXhhbXBsZXM9MTAw" /><property name="hypothesis-statistics-tests/test_noise_properties.py::test_composite_noise_preserves_length" value="dGVzdHMvdGVzdF9ub2lzZV9wcm9wZXJ0aWVzLnB5Ojp0ZXN0X2NvbXBvc2l0ZV9ub2lzZV9wcmVzZXJ2ZXNfbGVuZ3RoOgoKICAtIGR1cmluZyBnZW5lcmF0ZSBwaGFzZSAoMC41NSBzZWNvbmRzKToKICAgIC0gVHlwaWNhbCBydW50aW1lczogfiAxLTUgbXMsIG9mIHdoaWNoIH4gMC0yIG1zIGluIGRhdGEgZ2VuZXJhdGlvbgogICAgLSAxMDAgcGFzc2luZyBleGFtcGxlcywgMCBmYWlsaW5nIGV4YW1wbGVzLCAyMiBpbnZhbGlkIGV4YW1wbGVzCgogIC0gU3RvcHBlZCBiZWNhdXNlIHNldHRpbmdzLm1heF9leGFtcGxlcz0xMDA=" /></properties><testcase classname="tests.test_cache_repeats" name="test_cache_repeats_separation" time="0.002" /><testcase classname="tests.test_combination_grid" name="test_bayesian_strategies_include_other_true_signals" time="0.002" /><testcase classname="tests.test_convert" name="test_extract_peak_estimates_denormalization" time="0.001" /><testcase classname="tests.test_convert" name="test_extract_peak_estimates_keep_outside" time="0.001" /><testcase classname="tests.test_convert" name="test_extract_peak_estimates_ignore_non_numeric" time="0.001" /><testcase classname="tests.test_convert" name="test_extract_peak_estimates_non_position" time="0.001" /><testcase classname="tests.test_convert" name="test_extract_peak_estimates_belief_fallback" time="0.001" /><testcase classname="tests.test_convert" name="test_extract_peak_estimates_priority" time="0.001" /><testcase classname="tests.test_convert" name="test_extract_peak_estimates_split_mapping" time="0.001" /><testcase classname="tests.test_eig_stuckness" name="test_select_max_information_gain_diversity" time="1.868" /><testcase classname="tests.test_executor_cache_max_steps" name="test_cache_kwargs_max_steps_match_run_kwargs" time="0.013" /><testcase classname="tests.test_executor_rng" name="test_signal_repeat_key_ignores_strategy_and_noise" time="0.001" /><testcase classname="tests.test_executor_rng" name="test_measurement_repeat_key_includes_strategy" time="0.001" /><testcase classname="tests.test_executor_rng" name="test_signal_seed_matches_across_strategies" time="0.001" /><testcase classname="tests.test_executor_rng" name="test_random_streams_differ_for_measurement_keys" time="0.001" /><testcase classname="tests.test_executor_rng" name="test_shared_core_experiment_same_true_signal_object" time="0.001" /><testcase classname="tests.test_executor_rng" name="test_shared_core_experiment_same_true_signal_across_noise_names" time="0.001" /><testcase classname="tests.test_fisher_information" name="test_gaussian_fisher_matrix_1d" time="0.002" /><testcase classname="tests.test_fisher_information" name="test_gaussian_fisher_matrix_2d" time="0.001" /><testcase classname="tests.test_fisher_information" name="test_gaussian_fisher_matrix_zero_sigma" time="0.001" /><testcase classname="tests.test_fisher_information" name="test_gaussian_fisher_matrix_type_handling" time="0.001" /><testcase classname="tests.test_focus_window.TestInferFocusWindowFallbacks" name="test_infer_focus_window_with_detectable_dip" time="0.003" /><testcase classname="tests.test_focus_window.TestInferFocusWindowFallbacks" name="test_refocus_infer_focus_window_no_false_full_domain" time="0.002" /><testcase classname="tests.test_focus_window.TestSweepingLocatorFocusWindow" name="test_sweep_locator_narrows_window" time="0.777" /><testcase classname="tests.test_generators" name="test_nv_center_lorentzian_has_five_parameters" time="0.001" /><testcase classname="tests.test_generators" name="test_nv_center_voigt_has_different_params_than_lorentzian" time="0.010" /><testcase classname="tests.test_hybrid_noise" name="test_gaussian_noise_likelihood" time="0.009" /><testcase classname="tests.test_hybrid_noise" name="test_poisson_noise_likelihood" time="0.009" /><testcase classname="tests.test_hybrid_noise" name="test_composite_noise_model" time="0.001" /><testcase classname="tests.test_hybrid_noise" name="test_smc_joint_parameter_tracking" time="0.025" /><testcase classname="tests.test_integration" name="test_nv_center_run_completes" time="0.527" /><testcase classname="tests.test_likelihood_models" name="test_poisson_likelihood_prefers_matching_rate" time="0.010" /><testcase classname="tests.test_likelihood_models" name="test_unknown_model_falls_back_to_gaussian" time="0.001" /><testcase classname="tests.test_locator_benchmarks.TestOverallNVCenter" name="test_simple_sweep" time="1.819" /><testcase classname="tests.test_locator_benchmarks.TestOverallNVCenter" name="test_staged_sobol" time="0.967" /><testcase classname="tests.test_locator_benchmarks.TestOverallNVCenter" name="test_utility_sampling" time="0.986" /><testcase classname="tests.test_locator_benchmarks.TestOverallNVCenter" name="test_sbed" time="0.001"><skipped type="pytest.skip" message="SBEDLocator is slow">/app/tests/test_locator_benchmarks.py:138: SBEDLocator is slow</skipped></testcase><testcase classname="tests.test_locator_benchmarks.TestSBEDAcquireBottleneck" name="test_acquire_bottleneck" time="0.713" /><testcase classname="tests.test_locators" name="test_simple_sweep_locator_is_core_locator" time="0.001" /><testcase classname="tests.test_locators" name="test_simple_sweep_create_classmethod" time="0.002" /><testcase classname="tests.test_locators" name="test_locator_runs_on_nv_center" time="0.116" /><testcase classname="tests.test_merge_artifacts" name="test_merge_locator_results_schema_mismatch" time="0.021" /><testcase classname="tests.test_merge_artifacts" name="test_merge_locator_results_keeps_other_combinations_even_with_no_cache" time="0.011" /><testcase classname="tests.test_merge_artifacts" name="test_merge_plot_manifest_keeps_other_combinations_and_overrides_updated_completely" time="0.003" /><testcase classname="tests.test_metrics" name="test_analyze_run_convergence" time="0.004" /><testcase classname="tests.test_metrics" name="test_calculate_strategy_metrics" time="0.011" /><testcase classname="tests.test_metrics" name="test_sequential_bayesian_locator_expected_uniform_points" time="0.037" /><testcase classname="tests.test_new_locators" name="test_simple_sweep_locator_is_core_locator" time="0.001" /><testcase classname="tests.test_new_locators" name="test_simple_sweep_create_returns_instance" time="0.002" /><testcase classname="tests.test_new_locators" name="test_locator_proposes_valid_positions" time="0.005" /><testcase classname="tests.test_new_locators" name="test_runner_yields_exactly_max_steps" time="0.009" /><testcase classname="tests.test_new_locators" name="test_observer_records_snapshots" time="0.021" /><testcase classname="tests.test_new_locators" name="test_locator_estimates_are_finite" time="0.025" /><testcase classname="tests.test_new_locators" name="test_locator_comparison_different_max_steps" time="0.019" /><testcase classname="tests.test_noise_properties" name="test_poisson_noise_properties" time="0.590" /><testcase classname="tests.test_noise_properties" name="test_composite_noise_preserves_length" time="0.554" /><testcase classname="tests.test_observation" name="test_gaussian_likelihood_std_none_obs" time="0.001" /><testcase classname="tests.test_observation" name="test_gaussian_likelihood_std_positive_noise" time="0.001" /><testcase classname="tests.test_observation" name="test_gaussian_likelihood_std_zero_noise" time="0.001" /><testcase classname="tests.test_observation" name="test_gaussian_likelihood_std_negative_noise" time="0.001" /><testcase classname="tests.test_over_probe_noise" name="test_over_probe_drift_noise_does_not_shift_baseline" time="0.001" /><testcase classname="tests.test_over_probe_noise" name="test_over_probe_random_walk_noise_does_not_shift_baseline" time="0.001" /><testcase classname="tests.test_paths" name="test_ensure_out_dir" time="0.002" /><testcase classname="tests.test_paths" name="test_slugify" time="0.001" /><testcase classname="tests.test_paths" name="test_find_project_root_with_git" time="0.003" /><testcase classname="tests.test_paths" name="test_find_project_root_with_pyproject" time="0.003" /><testcase classname="tests.test_paths" name="test_find_project_root_with_nvision" time="0.003" /><testcase classname="tests.test_paths" name="test_find_project_root_fallback" time="0.003" /><testcase classname="tests.test_paths" name="test_slugify_edge_cases[normal string-normal-string]" time="0.001" /><testcase classname="tests.test_paths" name="test_slugify_edge_cases[  extra   spaces  -extra-spaces]" time="0.001" /><testcase classname="tests.test_paths" name="test_slugify_edge_cases[punctuation!@#$%-punctuation]" time="0.001" /><testcase classname="tests.test_paths" name="test_slugify_edge_cases[special chars &amp;*()-special-chars]" time="0.001" /><testcase classname="tests.test_paths" name="test_slugify_edge_cases[-]" time="0.001" /><testcase classname="tests.test_paths" name="test_slugify_edge_cases[!@#$%-]" time="0.001" /><testcase classname="tests.test_paths" name="test_slugify_edge_cases[12345-12345_0]" time="0.001" /><testcase classname="tests.test_paths" name="test_slugify_edge_cases[leading and trailing--leading-and-trailing]" time="0.001" /><testcase classname="tests.test_paths" name="test_slugify_edge_cases[-leading and trailing-leading-and-trailing]" time="0.001" /><testcase classname="tests.test_paths" name="test_slugify_edge_cases[mixed 123 and symbols !@-mixed-123-and-symbols]" time="0.001" /><testcase classname="tests.test_paths" name="test_slugify_edge_cases[12345-12345_1]" time="0.001" /><testcase classname="tests.test_paths" name="test_slugify_edge_cases[None-none]" time="0.001" /><testcase classname="tests.test_paths" name="test_slugify_lru_cache" time="0.001" /><testcase classname="tests.test_priors" name="test_generator_adds_gaussian_and_sin2_priors" time="0.002" /><testcase classname="tests.test_priors" name="test_smc_belief_initializes_with_sin2_and_gaussian_priors" time="0.003" /><testcase classname="tests.test_refocus.TestDetectDips" name="test_two_dips_monotonic_valley" time="0.001" /><testcase classname="tests.test_refocus.TestDetectDips" name="test_triple_dip_symmetric" time="0.001" /><testcase classname="tests.test_refocus.TestDetectDips" name="test_triple_dip_asymmetric" time="0.001" /><testcase classname="tests.test_refocus.TestDetectDips" name="test_partially_merged_dips_dense" time="0.001" /><testcase classname="tests.test_refocus.TestDetectDips" name="test_noise_only_baseline" time="0.001" /><testcase classname="tests.test_refocus.TestDetectDips" name="test_missing_center_dip" time="0.001" /><testcase classname="tests.test_refocus.TestInferDipWidths" name="test_single_dip_background_bounded" time="0.001" /><testcase classname="tests.test_refocus.TestInferDipWidths" name="test_two_dips_widths_bounded_by_neighbor" time="0.001" /><testcase classname="tests.test_refocus.TestInferDipWidths" name="test_smallest_width_is_tightest_bound" time="0.001" /><testcase classname="tests.test_refocus.TestInferFocusWindow" name="test_triple_dip_window_tighter_than_full_domain" time="0.001" /><testcase classname="tests.test_refocus.TestInferFocusWindow" name="test_fallback_when_no_dips" time="0.001" /><testcase classname="tests.test_refocus.TestInferMaxDipWidth" name="test_symmetric_triplet_max_width" time="0.001" /><testcase classname="tests.test_refocus.TestAggregateWindow" name="test_triplet_aggregate" time="0.001" /><testcase classname="tests.test_refocus.TestAggregateWindow" name="test_two_dip_aggregate" time="0.001" /><testcase classname="tests.test_render_cache_key" name="test_render_combo_cache_hash_matches_executor" time="0.001" /><testcase classname="tests.test_runner_cache" name="test_embed_graph_content_happy_path" time="0.004" /><testcase classname="tests.test_runner_cache" name="test_embed_graph_content_missing_file" time="0.002" /><testcase classname="tests.test_runner_cache" name="test_embed_graph_content_no_path_key" time="0.002" /><testcase classname="tests.test_runner_cache" name="test_embed_graph_content_read_exception" time="0.003" /><testcase classname="tests.test_runner_cache" name="test_harvest_partial_results_from_cache" time="0.116" /><testcase classname="tests.test_runner_cache" name="test_task_runner_resume_and_override" time="1.211" /><testcase classname="tests.test_runner_cache" name="test_harvest_partial_results_with_gaps_and_attempt_keys" time="0.025" /><testcase classname="tests.test_runner_cache" name="test_cache_miss_explanations" time="0.057" /><testcase classname="tests.test_runner_cache" name="test_schema_version_8_fallback" time="0.024" /><testcase classname="tests.test_scan_plot_data" name="test_compute_scan_plot_data_json_serializable" time="0.031" /><testcase classname="tests.test_scan_plot_data" name="test_compute_scan_plot_data_phases" time="0.031" /><testcase classname="tests.test_scan_plot_data" name="test_compute_scan_plot_data_mode_curve_uses_belief_unit_cube" time="0.292" /><testcase classname="tests.test_scan_plot_data" name="test_plot_data_from_scan_figure_minimal" time="0.064" /><testcase classname="tests.test_scan_plot_data" name="test_backfill_scan_plot_data_from_saved_html" time="0.183" /><testcase classname="tests.test_signal_normalization" name="test_signal_normalization" time="0.722" /><testcase classname="tests.test_simulation" name="test_noise_composition_deterministic_and_length" time="0.007" /><testcase classname="tests.test_simulation" name="test_poisson_noise_non_negative" time="0.003" /><testcase classname="tests.test_simulation" name="test_poisson_noise_high_lambda_is_not_artificially_biased_low" time="0.009" /><testcase classname="tests.test_smc_aliasing_fix" name="test_smc_stable_update_prevents_uniform_reset" time="0.010" /><testcase classname="tests.test_smc_focus_window" name="test_focus_window_prevents_covariance_underflow" time="0.002" /><testcase classname="tests.test_smc_focus_window" name="test_focus_window_automatic_narrowing_during_resampling" time="0.010" /><testcase classname="tests.test_smc_focus_window" name="test_shoulder_based_narrowing_single_dip" time="0.003" /><testcase classname="tests.test_smc_focus_window" name="test_shoulder_based_narrowing_connected_dips" time="0.003" /><testcase classname="tests.test_sqlite_cache" name="test_sqlite_cache_normal_init" time="0.007" /><testcase classname="tests.test_sqlite_cache" name="test_sqlite_cache_recovery_from_corrupted_file" time="0.007" /><testcase classname="tests.test_sqlite_cache" name="test_sqlite_cache_recovery_other_db_error_raises" time="0.002" /><testcase classname="tests.test_sqlite_cache" name="test_sharded_sqlite_cache_iter_index_error" time="0.006" /><testcase classname="tests.test_sqlite_cache" name="test_sharded_sqlite_cache_iter_legacy_error" time="0.007" /><testcase classname="tests.test_sqlite_cache" name="test_sharded_sqlite_cache_iter_yields_legacy_if_index_fails" time="0.011" /><testcase classname="tests.test_streaming_cache" name="test_repeats_repository_roundtrip" time="0.015" /><testcase classname="tests.test_streaming_cache" name="test_locator_repository_standardized_pointer" time="0.018" /><testcase classname="tests.test_streaming_cache" name="test_locator_repository_threshold_streaming" time="0.023" /><testcase classname="tests.test_streaming_cache" name="test_append_repeats" time="0.020" /><testcase classname="tests.test_streaming_cache" name="test_locator_repository_updated_date" time="0.016" /><testcase classname="tests.test_streaming_cache" name="test_locator_repository_repeat_offset" time="0.054" /><testcase classname="tests.test_unit_cube_belief" name="test_nv_center_default_bounds_align_with_generation_formulas" time="0.002" /><testcase classname="tests.test_unit_cube_belief" name="test_nv_center_belief_is_unit_cube_with_wrapped_model" time="0.002" /><testcase classname="tests.test_unit_cube_belief" name="test_unit_cube_estimates_are_physical_hz" time="0.002" /><testcase classname="tests.test_unit_cube_belief" name="test_bayesian_sbed_nv_updates_with_normalized_probe_and_physical_signal" time="58.996" /><testcase classname="tests.test_unit_cube_belief" name="test_physical_param_grid_for_plots" time="0.004" /><testcase classname="tests.test_unit_cube_belief" name="test_narrow_scan_parameter_physical_bounds_grid" time="0.003" /><testcase classname="tests.test_unit_cube_belief" name="test_narrow_scan_parameter_physical_bounds_smc" time="0.003" /></testsuite></testsuites>